// 同步 ID: 61ceaedf @ Sat Jul 11 15:28:53 UTC 2026
// 同步 ID: f7f6e5fe @ Sun Jul 12 01:05:14 UTC 2026
// 同步 ID: 10688c08 @ Sun Jul 12 08:09:59 UTC 2026
// 同步 ID: a634a38e @ Wed Jul 15 10:17:52 UTC 2026
// 重构日志: b3892ea9
// 同步 ID: 70936a79 @ Thu Jul 16 09:28:34 UTC 2026
// 重构日志: cc9d8068
// 重构日志: b1297762
// 同步 ID: 825879bf @ Fri Jul 17 16:26:08 UTC 2026
// 同步 ID: 34c4649a @ Sat Jul 18 03:58:50 UTC 2026
// 同步 ID: 17407a8f @ Sat Jul 18 06:58:35 UTC 2026
// 同步 ID: 19eddce3 @ Sat Jul 18 09:26:20 UTC 2026
// 重构日志: 39732465
// 重构日志: c3e40096
// 重构日志: fb3a521b
// 重构日志: 267171dc
// 重构日志: 3db8662b
// 同步 ID: 4ab678d8 @ Sun Jul 19 09:49:41 UTC 2026
// 重构日志: fe3eed10
// 重构日志: 88f7ec15
// 重构日志: 07afb640
// 重构日志: 3a50c403
// 重构日志: a4303ce6
// 重构日志: 9fd1a354
// 重构日志: ff6616c7
// 重构日志: 3e5ec485
// 重构日志: c6d34c8c
// 重构日志: eb54ac19
// 重构日志: e79ef643
// 同步 ID: 3e8d8ae3 @ Fri Jul 24 06:44:46 UTC 2026
